<?xml version="1.0" encoding="UTF-8"?>
<testsuite xmlns:xsi="http://www.w3.org/2001/XMLSchema-instance" xsi:noNamespaceSchemaLocation="https://maven.apache.org/surefire/maven-surefire-plugin/xsd/surefire-test-report-3.0.xsd" version="3.0" name="TestSuite" time="1,019.304" tests="20" errors="0" skipped="0" failures="2">
  <properties>
[...]
</properties>
  <testcase name="inValidLogIn" classname="com.selenium.flipkart_automation.tests.LoginPageTest" time="4.48"/>
  <testcase name="validLogIn" classname="com.selenium.flipkart_automation.tests.LoginPageTest" time="0.405"/>
  <testcase name="userLogout" classname="com.selenium.flipkart_automation.tests.LogoutPageTest" time="29.872"/>
  <testcase name="changePriceByFilter" classname="com.selenium.flipkart_automation.tests.HomePageTest" time="29.573"/>
  <testcase name="checkReviewsAndRating" classname="com.selenium.flipkart_automation.tests.HomePageTest" time="29.524"/>
  <testcase name="clickOnBackToButton" classname="com.selenium.flipkart_automation.tests.HomePageTest" time="425.147"/>
  <testcase name="clickOnNextPageButtons" classname="com.selenium.flipkart_automation.tests.HomePageTest" time="43.107"/>
  <testcase name="logoButtonFunctionality" classname="com.selenium.flipkart_automation.tests.HomePageTest" time="13.045"/>
  <testcase name="searchFunctionality" classname="com.selenium.flipkart_automation.tests.HomePageTest" time="13.801"/>
  <testcase name="sortingFunctionality" classname="com.selenium.flipkart_automation.tests.HomePageTest" time="10.904">
    <failure message="element click intercepted: Element &lt;div class=&quot;_10UF8M _3LsR0e&quot;&gt;...&lt;/div&gt; is not clickable at point (730, 163). Other element would receive the click: &lt;a title=&quot;...&quot; class=&quot;_3QN6WI&quot; href=&quot;/home-furnishing/curtains-accessories/curtains/pr?sid=jra,sl5,2va&amp;amp;marketplace=FLIPKART&amp;amp;otracker=nmenu_sub_Home%20%26%20Furniture_0_Curtains&quot;&gt;Curtains&lt;/a&gt;&#10;  (Session info: chrome=98.0.4758.82)&#10;Build info: version: &apos;3.141.59&apos;, revision: &apos;e82be7d358&apos;, time: &apos;2018-11-14T08:17:03&apos;&#10;System info: host: &apos;BHAGYAMEENA1&apos;, ip: &apos;192.168.1.2&apos;, os.name: &apos;Windows 10&apos;, os.arch: &apos;amd64&apos;, os.version: &apos;10.0&apos;, java.version: &apos;11&apos;&#10;Driver info: org.openqa.selenium.chrome.ChromeDriver&#10;Capabilities {acceptInsecureCerts: false, browserName: chrome, browserVersion: 98.0.4758.82, chrome: {chromedriverVersion: 97.0.4692.71 (adefa7837d02a..., userDataDir: C:\Users\BHAGYA~1\AppData\L...}, goog:chromeOptions: {debuggerAddress: localhost:62364}, javascriptEnabled: true, networkConnectionEnabled: false, pageLoadStrategy: normal, platform: WINDOWS, platformName: WINDOWS, proxy: Proxy(), setWindowRect: true, strictFileInteractability: false, timeouts: {implicit: 0, pageLoad: 300000, script: 30000}, unhandledPromptBehavior: dismiss and notify, webauthn:extension:credBlob: true, webauthn:extension:largeBlob: true, webauthn:virtualAuthenticators: true}&#10;Session ID: d0851c9f7069597cf9df1dc30dc7c11b" type="org.openqa.selenium.ElementClickInterceptedException"><![CDATA[org.openqa.selenium.ElementClickInterceptedException: 
element click intercepted: Element <div class="_10UF8M _3LsR0e">...</div> is not clickable at point (730, 163). Other element would receive the click: <a title="..." class="_3QN6WI" href="/home-furnishing/curtains-accessories/curtains/pr?sid=jra,sl5,2va&amp;marketplace=FLIPKART&amp;otracker=nmenu_sub_Home%20%26%20Furniture_0_Curtains">Curtains</a>
  (Session info: chrome=98.0.4758.82)
Build info: version: '3.141.59', revision: 'e82be7d358', time: '2018-11-14T08:17:03'
System info: host: 'BHAGYAMEENA1', ip: '192.168.1.2', os.name: 'Windows 10', os.arch: 'amd64', os.version: '10.0', java.version: '11'
Driver info: org.openqa.selenium.chrome.ChromeDriver
Capabilities {acceptInsecureCerts: false, browserName: chrome, browserVersion: 98.0.4758.82, chrome: {chromedriverVersion: 97.0.4692.71 (adefa7837d02a..., userDataDir: C:\Users\BHAGYA~1\AppData\L...}, goog:chromeOptions: {debuggerAddress: localhost:62364}, javascriptEnabled: true, networkConnectionEnabled: false, pageLoadStrategy: normal, platform: WINDOWS, platformName: WINDOWS, proxy: Proxy(), setWindowRect: true, strictFileInteractability: false, timeouts: {implicit: 0, pageLoad: 300000, script: 30000}, unhandledPromptBehavior: dismiss and notify, webauthn:extension:credBlob: true, webauthn:extension:largeBlob: true, webauthn:virtualAuthenticators: true}
Session ID: d0851c9f7069597cf9df1dc30dc7c11b
	at com.selenium.flipkart_automation.tests.HomePageTest.sortingFunctionality(HomePageTest.java:100)
]]></failure>
    <system-out><![CDATA[02-09-2022 21:11:20 BaseTest.java INFO  [main] tests.BaseTest 150 - Browser closed...
02-09-2022 21:11:25 CommonUtils.java INFO  [main] tests.BaseTest 18 - ----------------------------------------------------------------------
02-09-2022 21:11:25 CommonUtils.java INFO  [main] tests.BaseTest 21 - Test Data For Worksheet Name HomePageTestData And For Test Case whenUserSortTheProduct
02-09-2022 21:11:25 CommonUtils.java INFO  [main] tests.BaseTest 28 - Working : yes
02-09-2022 21:11:25 CommonUtils.java INFO  [main] tests.BaseTest 28 - UserName : 8770095177
02-09-2022 21:11:25 CommonUtils.java INFO  [main] tests.BaseTest 28 - Description : This test case is for checking the user is should be able to sort the items 
02-09-2022 21:11:25 CommonUtils.java INFO  [main] tests.BaseTest 28 - Execution Required : yes
02-09-2022 21:11:25 CommonUtils.java INFO  [main] tests.BaseTest 28 - Product Name : One Plus
02-09-2022 21:11:25 CommonUtils.java INFO  [main] tests.BaseTest 28 - Prerequirement : User should be on Product Page 
02-09-2022 21:11:25 CommonUtils.java INFO  [main] tests.BaseTest 28 - TestCaseName : whenUserSortTheProduct
02-09-2022 21:11:25 CommonUtils.java INFO  [main] tests.BaseTest 28 - Expected Result : Price -- High to Low
02-09-2022 21:11:25 CommonUtils.java INFO  [main] tests.BaseTest 28 - Password : Bhagyashree#123%
02-09-2022 21:11:25 CommonUtils.java INFO  [main] tests.BaseTest 34 - ----------------------------------------------------------------------
]]></system-out>
    <system-err><![CDATA[[main] INFO io.github.bonigarcia.wdm.WebDriverManager - Please answer the following questionnaire based on your experience with WebDriverManager. Thanks a lot!
[main] INFO io.github.bonigarcia.wdm.WebDriverManager - ====> http://tiny.cc/wdm-survey <====
[main] INFO io.github.bonigarcia.wdm.WebDriverManager - Using chromedriver 97.0.4692.71 (since Chrome 97 is installed in your machine)
[main] INFO io.github.bonigarcia.wdm.WebDriverManager - Exporting webdriver.chrome.driver as C:\Users\bhagyameena\.m2\repository\webdriver\chromedriver\win32\97.0.4692.71\chromedriver.exe
Starting ChromeDriver 97.0.4692.71 (adefa7837d02a07a604c1e6eff0b3a09422ab88d-refs/branch-heads/4692@{#1247}) on port 28878
Only local connections are allowed.
Please see https://chromedriver.chromium.org/security-considerations for suggestions on keeping ChromeDriver safe.
ChromeDriver was started successfully.
[1644421281.595][WARNING]: This version of ChromeDriver has not been tested with Chrome version 98.
Feb 09, 2022 9:11:21 PM org.openqa.selenium.remote.ProtocolHandshake createSession
INFO: Detected dialect: W3C
]]></system-err>
  </testcase>
  <testcase name="wishlistFunctionality" classname="com.selenium.flipkart_automation.tests.HomePageTest" time="37.136"/>
  <testcase name="addToCart" classname="com.selenium.flipkart_automation.tests.ProductPageTest" time="25.845"/>
  <testcase name="changeProductSize" classname="com.selenium.flipkart_automation.tests.ProductPageTest" time="27.692"/>
  <testcase name="clickFunctionality" classname="com.selenium.flipkart_automation.tests.ProductPageTest" time="21.812"/>
  <testcase name="clickOnAddToCompare" classname="com.selenium.flipkart_automation.tests.ProductPageTest" time="31.25"/>
  <testcase name="clickOnAskExpertButton" classname="com.selenium.flipkart_automation.tests.ProductPageTest" time="32.07"/>
  <testcase name="removeItemFromCart" classname="com.selenium.flipkart_automation.tests.ProductPageTest" time="48.283">
    <failure message="no such element: Unable to locate element: {&quot;method&quot;:&quot;css selector&quot;,&quot;selector&quot;:&quot;._1LCJ1U&quot;}&#10;  (Session info: chrome=98.0.4758.82)&#10;For documentation on this error, please visit: https://www.seleniumhq.org/exceptions/no_such_element.html&#10;Build info: version: &apos;3.141.59&apos;, revision: &apos;e82be7d358&apos;, time: &apos;2018-11-14T08:17:03&apos;&#10;System info: host: &apos;BHAGYAMEENA1&apos;, ip: &apos;192.168.1.2&apos;, os.name: &apos;Windows 10&apos;, os.arch: &apos;amd64&apos;, os.version: &apos;10.0&apos;, java.version: &apos;11&apos;&#10;Driver info: org.openqa.selenium.chrome.ChromeDriver&#10;Capabilities {acceptInsecureCerts: false, browserName: chrome, browserVersion: 98.0.4758.82, chrome: {chromedriverVersion: 97.0.4692.71 (adefa7837d02a..., userDataDir: C:\Users\BHAGYA~1\AppData\L...}, goog:chromeOptions: {debuggerAddress: localhost:62772}, javascriptEnabled: true, networkConnectionEnabled: false, pageLoadStrategy: normal, platform: WINDOWS, platformName: WINDOWS, proxy: Proxy(), setWindowRect: true, strictFileInteractability: false, timeouts: {implicit: 0, pageLoad: 300000, script: 30000}, unhandledPromptBehavior: dismiss and notify, webauthn:extension:credBlob: true, webauthn:extension:largeBlob: true, webauthn:virtualAuthenticators: true}&#10;Session ID: efb5545d7b0772ae4faf7a0a56ccbf76&#10;*** Element info: {Using=class name, value=_1LCJ1U}" type="org.openqa.selenium.NoSuchElementException"><![CDATA[org.openqa.selenium.NoSuchElementException: 
no such element: Unable to locate element: {"method":"css selector","selector":"._1LCJ1U"}
  (Session info: chrome=98.0.4758.82)
For documentation on this error, please visit: https://www.seleniumhq.org/exceptions/no_such_element.html
Build info: version: '3.141.59', revision: 'e82be7d358', time: '2018-11-14T08:17:03'
System info: host: 'BHAGYAMEENA1', ip: '192.168.1.2', os.name: 'Windows 10', os.arch: 'amd64', os.version: '10.0', java.version: '11'
Driver info: org.openqa.selenium.chrome.ChromeDriver
Capabilities {acceptInsecureCerts: false, browserName: chrome, browserVersion: 98.0.4758.82, chrome: {chromedriverVersion: 97.0.4692.71 (adefa7837d02a..., userDataDir: C:\Users\BHAGYA~1\AppData\L...}, goog:chromeOptions: {debuggerAddress: localhost:62772}, javascriptEnabled: true, networkConnectionEnabled: false, pageLoadStrategy: normal, platform: WINDOWS, platformName: WINDOWS, proxy: Proxy(), setWindowRect: true, strictFileInteractability: false, timeouts: {implicit: 0, pageLoad: 300000, script: 30000}, unhandledPromptBehavior: dismiss and notify, webauthn:extension:credBlob: true, webauthn:extension:largeBlob: true, webauthn:virtualAuthenticators: true}
Session ID: efb5545d7b0772ae4faf7a0a56ccbf76
*** Element info: {Using=class name, value=_1LCJ1U}
	at com.selenium.flipkart_automation.tests.ProductPageTest.removeItemFromCart(ProductPageTest.java:276)
]]></failure>
    <system-out><![CDATA[02-09-2022 21:15:12 BaseTest.java INFO  [main] tests.BaseTest 150 - Browser closed...
02-09-2022 21:15:17 CommonUtils.java INFO  [main] tests.BaseTest 18 - ----------------------------------------------------------------------
02-09-2022 21:15:17 CommonUtils.java INFO  [main] tests.BaseTest 21 - Test Data For Worksheet Name ProductPageTestData And For Test Case whenUserClickToRemoveItemFromCart
02-09-2022 21:15:17 CommonUtils.java INFO  [main] tests.BaseTest 28 - Working : yes
02-09-2022 21:15:17 CommonUtils.java INFO  [main] tests.BaseTest 28 - UserName : 8770095177
02-09-2022 21:15:17 CommonUtils.java INFO  [main] tests.BaseTest 28 - Description : This test case is for checking the user should be able to remove product from the cart
02-09-2022 21:15:17 CommonUtils.java INFO  [main] tests.BaseTest 28 - Execution Required : yes
02-09-2022 21:15:17 CommonUtils.java INFO  [main] tests.BaseTest 28 - Product Name : One Plus
02-09-2022 21:15:17 CommonUtils.java INFO  [main] tests.BaseTest 28 - Prerequirement : User should be on My cart page
02-09-2022 21:15:17 CommonUtils.java INFO  [main] tests.BaseTest 28 - TestCaseName : whenUserClickToRemoveItemFromCart
02-09-2022 21:15:17 CommonUtils.java INFO  [main] tests.BaseTest 28 - Expected Result : Your cart is empty!
02-09-2022 21:15:17 CommonUtils.java INFO  [main] tests.BaseTest 28 - Password : Bhagyashree#123%
02-09-2022 21:15:17 CommonUtils.java INFO  [main] tests.BaseTest 34 - ----------------------------------------------------------------------
02-09-2022 21:15:52 ProductPageTest.java INFO  [main] tests.BaseTest 273 - Remove Button was clicked
]]></system-out>
    <system-err><![CDATA[[main] INFO io.github.bonigarcia.wdm.WebDriverManager - Please answer the following questionnaire based on your experience with WebDriverManager. Thanks a lot!
[main] INFO io.github.bonigarcia.wdm.WebDriverManager - ====> http://tiny.cc/wdm-survey <====
[main] INFO io.github.bonigarcia.wdm.WebDriverManager - Using chromedriver 97.0.4692.71 (since Chrome 97 is installed in your machine)
[main] INFO io.github.bonigarcia.wdm.WebDriverManager - Exporting webdriver.chrome.driver as C:\Users\bhagyameena\.m2\repository\webdriver\chromedriver\win32\97.0.4692.71\chromedriver.exe
Starting ChromeDriver 97.0.4692.71 (adefa7837d02a07a604c1e6eff0b3a09422ab88d-refs/branch-heads/4692@{#1247}) on port 5324
Only local connections are allowed.
Please see https://chromedriver.chromium.org/security-considerations for suggestions on keeping ChromeDriver safe.
ChromeDriver was started successfully.
[1644421513.526][WARNING]: This version of ChromeDriver has not been tested with Chrome version 98.
Feb 09, 2022 9:15:13 PM org.openqa.selenium.remote.ProtocolHandshake createSession
INFO: Detected dialect: W3C
]]></system-err>
  </testcase>
  <testcase name="saveForLaterItemFromCart" classname="com.selenium.flipkart_automation.tests.ProductPageTest" time="32.993"/>
  <testcase name="clickFunctionality" classname="com.selenium.flipkart_automation.tests.ProductOrderPageTest" time="10.04"/>
  <testcase name="filterByOrderStatus" classname="com.selenium.flipkart_automation.tests.ProductOrderPageTest" time="15.136"/>
</testsuite>